[0.000000] (-) TimerEvent: {}
[0.000804] (controller) JobQueued: {'identifier': 'controller', 'dependencies': OrderedDict()}
[0.002615] (controller) JobStarted: {'identifier': 'controller'}
[0.098591] (-) TimerEvent: {}
[0.199242] (-) TimerEvent: {}
[0.299904] (-) TimerEvent: {}
[0.400686] (-) TimerEvent: {}
[0.501251] (-) TimerEvent: {}
[0.601927] (-) TimerEvent: {}
[0.704874] (-) TimerEvent: {}
[0.805431] (-) TimerEvent: {}
[0.906039] (-) TimerEvent: {}
[1.006631] (-) TimerEvent: {}
[1.107204] (-) TimerEvent: {}
[1.208062] (-) TimerEvent: {}
[1.308707] (-) TimerEvent: {}
[1.409565] (-) TimerEvent: {}
[1.510360] (-) TimerEvent: {}
[1.611173] (-) TimerEvent: {}
[1.711805] (-) TimerEvent: {}
[1.812821] (-) TimerEvent: {}
[1.914046] (-) TimerEvent: {}
[2.014769] (-) TimerEvent: {}
[2.116029] (-) TimerEvent: {}
[2.219134] (-) TimerEvent: {}
[2.285060] (controller) StderrLine: {'line': b'Traceback (most recent call last):\n  File "/usr/lib/python3/dist-packages/colcon_parallel_executor/executor/parallel.py", line 75, in execute\n    loop.run_until_complete(future)\n  File "/usr/lib/python3.12/asyncio/base_events.py", line 674, in run_until_complete\n    self.run_forever()\n  File "/usr/lib/python3.12/asyncio/base_events.py", line 641, in run_forever\n    self._run_once()\n  File "/usr/lib/python3.12/asyncio/base_events.py", line 1949, in _run_once\n    event_list = self._selector.select(timeout)\n                 ^^^^^^^^^^^^^^^^^^^^^^^^^^^^^^\n  File "/usr/lib/python3.12/selectors.py", line 468, in select\n    fd_event_list = self._selector.poll(timeout, max_ev)\n                    ^^^^^^^^^^^^^^^^^^^^^^^^^^^^^^^^^^^^\nKeyboardInterrupt\n\nDuring handling of the above exception, another exception occurred:\n\nTraceback (most recent call last):\n  File "/usr/lib/python3/dist-packages/colcon_core/executor/__init__.py", line 91, in __call__\n    rc = await self.task(*args, **kwargs)\n         ^^^^^^^^^^^^^^^^^^^^^^^^^^^^^^^^\n  File "/usr/lib/python3/dist-packages/colcon_core/task/__init__.py", line 93, in __call__\n    return await task_method(*args, **kwargs)\n           ^^^^^^^^^^^^^^^^^^^^^^^^^^^^^^^^^^\n  File "/usr/lib/python3/dist-packages/colcon_ros/task/ament_python/build.py", line 102, in build\n    return await extension.build(additional_hooks=additional_hooks)\n           ^^^^^^^^^^^^^^^^^^^^^^^^^^^^^^^^^^^^^^^^^^^^^^^^^^^^^^^^\n  File "/usr/lib/python3/dist-packages/colcon_core/task/python/build.py", line 96, in build\n    available_commands = await self._get_available_commands(\n                         ^^^^^^^^^^^^^^^^^^^^^^^^^^^^^^^^^^^\n  File "/usr/lib/python3/dist-packages/colcon_core/task/python/build.py", line 194, in _get_available_commands\n    output = await check_output(\n             ^^^^^^^^^^^^^^^^^^^\n  File "/usr/lib/python3/dist-packages/colcon_core/subprocess.py", line 129, in check_output\n    assert not rc, f\'Expected {args} to pass: {stderr_data}\'\n           ^^^^^^\nAssertionError: Expected [\'/usr/bin/python3\', \'-W\', \'ignore:setup.py install is deprecated\', \'-W\', \'ignore:easy_install command is deprecated\', \'setup.py\', \'--help-commands\'] to pass: Traceback (most recent call last):\n  File "/home/mgazzola/ros2_spirob_ws/src/controller/setup.py", line 1, in <module>\n    from setuptools import find_packages, setup\n  File "/usr/lib/python3/dist-packages/setuptools/__init__.py", line 17, in <module>\n    from setuptools.dist import Distribution\n  File "/usr/lib/python3/dist-packages/setuptools/dist.py", line 37, in <module>\n    from setuptools.config import setupcfg, pyprojecttoml\n  File "/usr/lib/python3/dist-packages/setuptools/config/__init__.py", line 8, in <module>\n    from . import setupcfg\n  File "/usr/lib/python3/dist-packages/setuptools/config/setupcfg.py", line 33, in <module>\n    from ..extern.packaging.markers import default_environment as marker_env\n  File "/usr/lib/python3/dist-packages/setuptools/_vendor/packaging/markers.py", line 11, in <module>\n    from ._parser import (\n  File "/usr/lib/python3/dist-packages/setuptools/_vendor/packaging/_parser.py", line 10, in <module>\n    from ._tokenizer import DEFAULT_RULES, Tokenizer\n  File "/usr/lib/python3/dist-packages/setuptools/_vendor/packaging/_tokenizer.py", line 6, in <module>\n    from .specifiers import Specifier\n  File "/usr/lib/python3/dist-packages/setuptools/_vendor/packaging/specifiers.py", line 52, in <module>\n    class BaseSpecifier(metaclass=abc.ABCMeta):\n  File "/usr/lib/python3/dist-packages/setuptools/_vendor/packaging/specifiers.py", line 77, in BaseSpecifier\n    def prereleases(self) -> Optional[bool]:\n                             ~~~~~~~~^^^^^^\n  File "/usr/lib/python3.12/typing.py", line 395, in inner\n    return _caches[func](*args, **kwds)\n           ^^^^^^^^^^^^^^^^^^^^^^^^^^^^\n  File "/usr/lib/python3.12/typing.py", line 510, in __getitem__\n    return self._getitem(self, parameters)\n           ^^^^^^^^^^^^^^^^^^^^^^^^^^^^^^^\n  File "/usr/lib/python3.12/typing.py", line 744, in Optional\n    return Union[arg, type(None)]\n           ~~~~~^^^^^^^^^^^^^^^^^\n  File "/usr/lib/python3.12/typing.py", line 395, in inner\n    return _caches[func](*args, **kwds)\n           ^^^^^^^^^^^^^^^^^^^^^^^^^^^^\n  File "/usr/lib/python3.12/typing.py", line 510, in __getitem__\n    return self._getitem(self, parameters)\n           ^^^^^^^^^^^^^^^^^^^^^^^^^^^^^^^\n  File "/usr/lib/python3.12/typing.py", line 728, in Union\n    return _UnionGenericAlias(self, parameters, name="Optional")\n           ^^^^^^^^^^^^^^^^^^^^^^^^^^^^^^^^^^^^^^^^^^^^^^^^^^^^^\n  File "/usr/lib/python3.12/typing.py", line 1243, in __init__\n    super().__init__(origin, inst=inst, name=name)\n  File "/usr/lib/python3.12/typing.py", line 1147, in __init__\n    def __init__(self, origin, *, inst=True, name=None):\n\nKeyboardInterrupt\n\n'}
[2.287711] (controller) JobEnded: {'identifier': 'controller', 'rc': 'SIGINT'}
[2.296602] (-) EventReactorShutdown: {}
