[0.000000] (-) TimerEvent: {}
[0.000980] (controller) JobQueued: {'identifier': 'controller', 'dependencies': OrderedDict()}
[0.001916] (joysticker) JobQueued: {'identifier': 'joysticker', 'dependencies': OrderedDict()}
[0.002407] (load_cell) JobQueued: {'identifier': 'load_cell', 'dependencies': OrderedDict()}
[0.002486] (motor_driver) JobQueued: {'identifier': 'motor_driver', 'dependencies': OrderedDict()}
[0.002554] (robot_gui) JobQueued: {'identifier': 'robot_gui', 'dependencies': OrderedDict()}
[0.002623] (spirob_bringup) JobQueued: {'identifier': 'spirob_bringup', 'dependencies': OrderedDict()}
[0.002687] (vision) JobQueued: {'identifier': 'vision', 'dependencies': OrderedDict()}
[0.002751] (controller) JobStarted: {'identifier': 'controller'}
[0.099311] (-) TimerEvent: {}
[0.200236] (-) TimerEvent: {}
[0.301255] (-) TimerEvent: {}
[0.402930] (-) TimerEvent: {}
[0.406028] (joysticker) JobStarted: {'identifier': 'joysticker'}
[0.503921] (-) TimerEvent: {}
[0.605269] (-) TimerEvent: {}
[0.672279] (load_cell) JobStarted: {'identifier': 'load_cell'}
[0.701610] (motor_driver) JobStarted: {'identifier': 'motor_driver'}
[0.705693] (-) TimerEvent: {}
[0.807269] (-) TimerEvent: {}
[0.908025] (-) TimerEvent: {}
[1.008756] (-) TimerEvent: {}
[1.109468] (-) TimerEvent: {}
[1.210224] (-) TimerEvent: {}
[1.310884] (-) TimerEvent: {}
[1.411517] (-) TimerEvent: {}
[1.512190] (-) TimerEvent: {}
[1.612926] (-) TimerEvent: {}
[1.713812] (-) TimerEvent: {}
[1.814593] (-) TimerEvent: {}
[1.915271] (-) TimerEvent: {}
[2.015914] (-) TimerEvent: {}
[2.116562] (-) TimerEvent: {}
[2.217232] (-) TimerEvent: {}
[2.317862] (-) TimerEvent: {}
[2.418496] (-) TimerEvent: {}
[2.519187] (-) TimerEvent: {}
[2.620039] (-) TimerEvent: {}
[2.721253] (-) TimerEvent: {}
[2.822088] (-) TimerEvent: {}
[2.922755] (-) TimerEvent: {}
[3.023493] (-) TimerEvent: {}
[3.124198] (-) TimerEvent: {}
[3.224873] (-) TimerEvent: {}
[3.325493] (-) TimerEvent: {}
[3.426163] (-) TimerEvent: {}
[3.526976] (-) TimerEvent: {}
[3.627885] (-) TimerEvent: {}
[3.728683] (-) TimerEvent: {}
[3.829486] (-) TimerEvent: {}
[3.930283] (-) TimerEvent: {}
[4.030976] (-) TimerEvent: {}
[4.131619] (-) TimerEvent: {}
[4.232291] (-) TimerEvent: {}
[4.332951] (-) TimerEvent: {}
[4.433607] (-) TimerEvent: {}
[4.534441] (-) TimerEvent: {}
[4.637940] (-) TimerEvent: {}
[4.739458] (-) TimerEvent: {}
[4.840582] (-) TimerEvent: {}
[4.943345] (-) TimerEvent: {}
[5.044385] (-) TimerEvent: {}
[5.148942] (-) TimerEvent: {}
[5.251250] (-) TimerEvent: {}
[5.354863] (-) TimerEvent: {}
[5.457926] (-) TimerEvent: {}
[5.559356] (-) TimerEvent: {}
[5.661924] (-) TimerEvent: {}
[5.763201] (-) TimerEvent: {}
[5.865968] (-) TimerEvent: {}
[5.967834] (-) TimerEvent: {}
[6.070639] (-) TimerEvent: {}
[6.174855] (-) TimerEvent: {}
[6.279264] (-) TimerEvent: {}
[6.380395] (-) TimerEvent: {}
[6.481556] (-) TimerEvent: {}
[6.582639] (-) TimerEvent: {}
[6.684945] (-) TimerEvent: {}
[6.789151] (-) TimerEvent: {}
[6.892188] (-) TimerEvent: {}
[6.997168] (-) TimerEvent: {}
[7.103146] (-) TimerEvent: {}
[7.170248] (controller) StderrLine: {'line': b'Traceback (most recent call last):\n  File "/usr/lib/python3/dist-packages/colcon_parallel_executor/executor/parallel.py", line 75, in execute\n    loop.run_until_complete(future)\n  File "/usr/lib/python3.12/asyncio/base_events.py", line 674, in run_until_complete\n    self.run_forever()\n  File "/usr/lib/python3.12/asyncio/base_events.py", line 641, in run_forever\n    self._run_once()\n  File "/usr/lib/python3.12/asyncio/base_events.py", line 1949, in _run_once\n    event_list = self._selector.select(timeout)\n                 ^^^^^^^^^^^^^^^^^^^^^^^^^^^^^^\n  File "/usr/lib/python3.12/selectors.py", line 468, in select\n    fd_event_list = self._selector.poll(timeout, max_ev)\n                    ^^^^^^^^^^^^^^^^^^^^^^^^^^^^^^^^^^^^\nKeyboardInterrupt\n\nDuring handling of the above exception, another exception occurred:\n\nTraceback (most recent call last):\n  File "/usr/lib/python3/dist-packages/colcon_core/executor/__init__.py", line 91, in __call__\n    rc = await self.task(*args, **kwargs)\n         ^^^^^^^^^^^^^^^^^^^^^^^^^^^^^^^^\n  File "/usr/lib/python3/dist-packages/colcon_core/task/__init__.py", line 93, in __call__\n    return await task_method(*args, **kwargs)\n           ^^^^^^^^^^^^^^^^^^^^^^^^^^^^^^^^^^\n  File "/usr/lib/python3/dist-packages/colcon_ros/task/ament_python/build.py", line 102, in build\n    return await extension.build(additional_hooks=additional_hooks)\n           ^^^^^^^^^^^^^^^^^^^^^^^^^^^^^^^^^^^^^^^^^^^^^^^^^^^^^^^^\n  File "/usr/lib/python3/dist-packages/colcon_core/task/python/build.py", line 96, in build\n    available_commands = await self._get_available_commands(\n                         ^^^^^^^^^^^^^^^^^^^^^^^^^^^^^^^^^^^\n  File "/usr/lib/python3/dist-packages/colcon_core/task/python/build.py", line 194, in _get_available_commands\n    output = await check_output(\n             ^^^^^^^^^^^^^^^^^^^\n  File "/usr/lib/python3/dist-packages/colcon_core/subprocess.py", line 129, in check_output\n    assert not rc, f\'Expected {args} to pass: {stderr_data}\'\n           ^^^^^^\nAssertionError: Expected [\'/usr/bin/python3\', \'-W\', \'ignore:setup.py install is deprecated\', \'-W\', \'ignore:easy_install command is deprecated\', \'setup.py\', \'--help-commands\'] to pass: Traceback (most recent call last):\n  File "/home/mgazzola/ros2_spirob_ws/src/controller/setup.py", line 5, in <module>\n    setup(\n  File "/usr/lib/python3/dist-packages/setuptools/__init__.py", line 107, in setup\n    return distutils.core.setup(**attrs)\n           ^^^^^^^^^^^^^^^^^^^^^^^^^^^^^\n  File "/usr/lib/python3/dist-packages/setuptools/_distutils/core.py", line 172, in setup\n    ok = dist.parse_command_line()\n         ^^^^^^^^^^^^^^^^^^^^^^^^^\n  File "/usr/lib/python3/dist-packages/setuptools/_distutils/dist.py", line 472, in parse_command_line\n    if self.handle_display_options(option_order):\n       ^^^^^^^^^^^^^^^^^^^^^^^^^^^^^^^^^^^^^^^^^\n  File "/usr/lib/python3/dist-packages/setuptools/dist.py", line 1209, in handle_display_options\n    return _Distribution.handle_display_options(self, option_order)\n           ^^^^^^^^^^^^^^^^^^^^^^^^^^^^^^^^^^^^^^^^^^^^^^^^^^^^^^^^\n  File "/usr/lib/python3/dist-packages/setuptools/_distutils/dist.py", line 686, in handle_display_options\n    self.print_commands()\n  File "/usr/lib/python3/dist-packages/setuptools/dist.py", line 988, in print_commands\n    cmdclass = ep.load()\n               ^^^^^^^^^\n  File "/usr/lib/python3.12/importlib/metadata/__init__.py", line 205, in load\n    module = import_module(match.group(\'module\'))\n             ^^^^^^^^^^^^^^^^^^^^^^^^^^^^^^^^^^^^\n  File "/usr/lib/python3.12/importlib/__init__.py", line 90, in import_module\n    return _bootstrap._gcd_import(name[level:], package, level)\n           ^^^^^^^^^^^^^^^^^^^^^^^^^^^^^^^^^^^^^^^^^^^^^^^^^^^^\n  File "<frozen importlib._bootstrap>", line 1387, in _gcd_import\n  File "<frozen importlib._bootstrap>", line 1360, in _find_and_load\n  File "<frozen importlib._bootstrap>", line 1331, in _find_and_load_unlocked\n  File "<frozen importlib._bootstrap>", line 935, in _load_unlocked\n  File "<frozen importlib._bootstrap_external>", line 995, in exec_module\n  File "<frozen importlib._bootstrap>", line 488, in _call_with_frames_removed\n  File "/usr/lib/python3/dist-packages/setuptools/command/develop.py", line 8, in <module>\n    from setuptools.command.easy_install import easy_install\n  File "/usr/lib/python3/dist-packages/setuptools/command/easy_install.py", line 53, in <module>\n    from setuptools.package_index import (\n  File "/usr/lib/python3/dist-packages/setuptools/package_index.py", line 17, in <module>\n    import urllib.request\n  File "/usr/lib/python3.12/urllib/request.py", line 935, in <module>\n    class AbstractBasicAuthHandler:\n  File "/usr/lib/python3.12/urllib/request.py", line 942, in AbstractBasicAuthHandler\n    rx = re.compile(\'(?:^|,)\'   # start of the string or \',\'\n         ^^^^^^^^^^^^^^^^^^^^^^^^^^^^^^^^^^^^^^^^^^^^^^^^^^^\n  File "/usr/lib/python3.12/re/__init__.py", line 228, in compile\n    return _compile(pattern, flags)\n           ^^^^^^^^^^^^^^^^^^^^^^^^\n  File "/usr/lib/python3.12/re/__init__.py", line 307, in _compile\n    p = _compiler.compile(pattern, flags)\n        ^^^^^^^^^^^^^^^^^^^^^^^^^^^^^^^^^\n  File "/usr/lib/python3.12/re/_compiler.py", line 745, in compile\n    p = _parser.parse(p, flags)\n        ^^^^^^^^^^^^^^^^^^^^^^^\n  File "/usr/lib/python3.12/re/_parser.py", line 979, in parse\n    p = _parse_sub(source, state, flags & SRE_FLAG_VERBOSE, 0)\n        ^^^^^^^^^^^^^^^^^^^^^^^^^^^^^^^^^^^^^^^^^^^^^^^^^^^^^^\n  File "/usr/lib/python3.12/re/_parser.py", line 460, in _parse_sub\n    itemsappend(_parse(source, state, verbose, nested + 1,\n                ^^^^^^^^^^^^^^^^^^^^^^^^^^^^^^^^^^^^^^^^^^\n  File "/usr/lib/python3.12/re/_parser.py", line 641, in _parse\n    here = source.tell()\n           ^^^^^^^^^^^^^\n  File "/usr/lib/python3.12/re/_parser.py", line 293, in tell\n    def tell(self):\n\nKeyboardInterrupt\n\n'}
[7.175405] (controller) JobEnded: {'identifier': 'controller', 'rc': 'SIGINT'}
[7.177123] (motor_driver) JobEnded: {'identifier': 'motor_driver', 'rc': 'SIGINT'}
[7.182149] (load_cell) JobEnded: {'identifier': 'load_cell', 'rc': 'SIGINT'}
[7.184597] (joysticker) JobEnded: {'identifier': 'joysticker', 'rc': 'SIGINT'}
[7.195793] (robot_gui) JobSkipped: {'identifier': 'robot_gui'}
[7.196058] (spirob_bringup) JobSkipped: {'identifier': 'spirob_bringup'}
[7.196155] (vision) JobSkipped: {'identifier': 'vision'}
[7.196243] (-) EventReactorShutdown: {}
