[0.000000] (-) TimerEvent: {}
[0.001177] (-) JobUnselected: {'identifier': 'controller'}
[0.002072] (-) JobUnselected: {'identifier': 'joysticker'}
[0.002796] (-) JobUnselected: {'identifier': 'load_cell'}
[0.002929] (-) JobUnselected: {'identifier': 'motor_driver'}
[0.003008] (-) JobUnselected: {'identifier': 'robot_gui'}
[0.003077] (-) JobUnselected: {'identifier': 'vision'}
[0.003156] (spirob_bringup) JobQueued: {'identifier': 'spirob_bringup', 'dependencies': OrderedDict()}
[0.003238] (spirob_bringup) JobStarted: {'identifier': 'spirob_bringup'}
[0.099088] (-) TimerEvent: {}
[0.199712] (-) TimerEvent: {}
[0.300328] (-) TimerEvent: {}
[0.400954] (-) TimerEvent: {}
[0.501570] (-) TimerEvent: {}
[0.602161] (-) TimerEvent: {}
[0.702766] (-) TimerEvent: {}
[0.803401] (-) TimerEvent: {}
[0.904131] (-) TimerEvent: {}
[1.005063] (-) TimerEvent: {}
[1.105699] (-) TimerEvent: {}
[1.206418] (-) TimerEvent: {}
[1.307039] (-) TimerEvent: {}
[1.407718] (-) TimerEvent: {}
[1.508291] (-) TimerEvent: {}
[1.608997] (-) TimerEvent: {}
[1.709637] (-) TimerEvent: {}
[1.810313] (-) TimerEvent: {}
[1.860488] (spirob_bringup) StderrLine: {'line': b'Traceback (most recent call last):\n  File "/usr/lib/python3/dist-packages/colcon_parallel_executor/executor/parallel.py", line 75, in execute\n    loop.run_until_complete(future)\n  File "/usr/lib/python3.12/asyncio/base_events.py", line 674, in run_until_complete\n    self.run_forever()\n  File "/usr/lib/python3.12/asyncio/base_events.py", line 641, in run_forever\n    self._run_once()\n  File "/usr/lib/python3.12/asyncio/base_events.py", line 1949, in _run_once\n    event_list = self._selector.select(timeout)\n                 ^^^^^^^^^^^^^^^^^^^^^^^^^^^^^^\n  File "/usr/lib/python3.12/selectors.py", line 468, in select\n    fd_event_list = self._selector.poll(timeout, max_ev)\n                    ^^^^^^^^^^^^^^^^^^^^^^^^^^^^^^^^^^^^\nKeyboardInterrupt\n\nDuring handling of the above exception, another exception occurred:\n\nTraceback (most recent call last):\n  File "/usr/lib/python3/dist-packages/colcon_core/executor/__init__.py", line 91, in __call__\n    rc = await self.task(*args, **kwargs)\n         ^^^^^^^^^^^^^^^^^^^^^^^^^^^^^^^^\n  File "/usr/lib/python3/dist-packages/colcon_core/task/__init__.py", line 93, in __call__\n    return await task_method(*args, **kwargs)\n           ^^^^^^^^^^^^^^^^^^^^^^^^^^^^^^^^^^\n  File "/usr/lib/python3/dist-packages/colcon_ros/task/ament_python/build.py", line 102, in build\n    return await extension.build(additional_hooks=additional_hooks)\n           ^^^^^^^^^^^^^^^^^^^^^^^^^^^^^^^^^^^^^^^^^^^^^^^^^^^^^^^^\n  File "/usr/lib/python3/dist-packages/colcon_core/task/python/build.py", line 96, in build\n    available_commands = await self._get_available_commands(\n                         ^^^^^^^^^^^^^^^^^^^^^^^^^^^^^^^^^^^\n  File "/usr/lib/python3/dist-packages/colcon_core/task/python/build.py", line 194, in _get_available_commands\n    output = await check_output(\n             ^^^^^^^^^^^^^^^^^^^\n  File "/usr/lib/python3/dist-packages/colcon_core/subprocess.py", line 129, in check_output\n    assert not rc, f\'Expected {args} to pass: {stderr_data}\'\n           ^^^^^^\nAssertionError: Expected [\'/usr/bin/python3\', \'-W\', \'ignore:setup.py install is deprecated\', \'-W\', \'ignore:easy_install command is deprecated\', \'setup.py\', \'--help-commands\'] to pass: Traceback (most recent call last):\n  File "/home/mgazzola/ros2_spirob_ws/src/spirob_bringup/setup.py", line 6, in <module>\n    setup(\n  File "/usr/lib/python3/dist-packages/setuptools/__init__.py", line 107, in setup\n    return distutils.core.setup(**attrs)\n           ^^^^^^^^^^^^^^^^^^^^^^^^^^^^^\n  File "/usr/lib/python3/dist-packages/setuptools/_distutils/core.py", line 147, in setup\n    _setup_distribution = dist = klass(attrs)\n                                 ^^^^^^^^^^^^\n  File "/usr/lib/python3/dist-packages/setuptools/dist.py", line 485, in __init__\n    _Distribution.__init__(\n  File "/usr/lib/python3/dist-packages/setuptools/_distutils/dist.py", line 283, in __init__\n    self.finalize_options()\n  File "/usr/lib/python3/dist-packages/setuptools/dist.py", line 922, in finalize_options\n    defined = metadata.entry_points(group=group)\n              ^^^^^^^^^^^^^^^^^^^^^^^^^^^^^^^^^^\n  File "/usr/lib/python3.12/importlib/metadata/__init__.py", line 913, in entry_points\n    return EntryPoints(eps).select(**params)\n           ^^^^^^^^^^^^^^^^\n  File "/usr/lib/python3.12/importlib/metadata/__init__.py", line 910, in <genexpr>\n    eps = itertools.chain.from_iterable(\n                                       ^\n  File "/usr/lib/python3.12/importlib/metadata/_itertools.py", line 15, in unique_everseen\n    for element in iterable:\n  File "/usr/lib/python3.12/importlib/metadata/__init__.py", line 349, in __new__\n    name for subclass in inspect.getmro(cls) for name in vars(subclass)\n    ^^^^\nKeyboardInterrupt\n\n'}
[1.862881] (spirob_bringup) JobEnded: {'identifier': 'spirob_bringup', 'rc': 'SIGINT'}
[1.872013] (-) EventReactorShutdown: {}
